Determining if the pthread_create exist failed with the following output:
Change Dir: /mnt/c/Users/brian/OneDrive/Projects/PlinkoSimulation/cpp/cmake-build-release/CMakeFiles/CMakeTmp

Run Build Command:"/usr/bin/make" "cmTC_e852e/fast"
/usr/bin/make -f CMakeFiles/cmTC_e852e.dir/build.make CMakeFiles/cmTC_e852e.dir/build
make[1]: Entering directory '/mnt/c/Users/brian/OneDrive/Projects/PlinkoSimulation/cpp/cmake-build-release/CMakeFiles/CMakeTmp'
Building C object CMakeFiles/cmTC_e852e.dir/CheckSymbolExists.c.o
/usr/bin/cc     -o CMakeFiles/cmTC_e852e.dir/CheckSymbolExists.c.o   -c /mnt/c/Users/brian/OneDrive/Projects/PlinkoSimulation/cpp/cmake-build-release/CMakeFiles/CMakeTmp/CheckSymbolExists.c
Linking C executable cmTC_e852e
/usr/bin/cmake -E cmake_link_script CMakeFiles/cmTC_e852e.dir/link.txt --verbose=1
/usr/bin/cc       CMakeFiles/cmTC_e852e.dir/CheckSymbolExists.c.o  -o cmTC_e852e 
CMakeFiles/cmTC_e852e.dir/CheckSymbolExists.c.o: In function `main':
CheckSymbolExists.c:(.text+0x16): undefined reference to `pthread_create'
collect2: error: ld returned 1 exit status
CMakeFiles/cmTC_e852e.dir/build.make:97: recipe for target 'cmTC_e852e' failed
make[1]: *** [cmTC_e852e] Error 1
make[1]: Leaving directory '/mnt/c/Users/brian/OneDrive/Projects/PlinkoSimulation/cpp/cmake-build-release/CMakeFiles/CMakeTmp'
Makefile:126: recipe for target 'cmTC_e852e/fast' failed
make: *** [cmTC_e852e/fast] Error 2

File /mnt/c/Users/brian/OneDrive/Projects/PlinkoSimulation/cpp/cmake-build-release/CMakeFiles/CMakeTmp/CheckSymbolExists.c:
/* */
#include <pthread.h>

int main(int argc, char** argv)
{
  (void)argv;
#ifndef pthread_create
  return ((int*)(&pthread_create))[argc];
#else
  (void)argc;
  return 0;
#endif
}

